<?xml version="1.0" encoding="utf-8"?><testsuites name="pytest tests"><testsuite name="pytest" errors="0" failures="0" skipped="1" tests="9" time="2.136" timestamp="2026-02-21T03:56:21.081394+00:00" hostname="agent-env-531e260d-1370-4991-9718-65ae46e565ce"><testcase classname="backend.tests.test_admin_complete.TestHealthAndAuth" name="test_auth_setup_status" time="0.142" /><testcase classname="backend.tests.test_admin_complete.TestHealthAndAuth" name="test_admin_login" time="0.454" /><testcase classname="backend.tests.test_admin_complete.TestAdminCompleteWalk" name="test_admin_complete_endpoint_exists" time="0.141" /><testcase classname="backend.tests.test_admin_complete.TestAdminCompleteWalk" name="test_admin_complete_scheduled_walk" time="0.206"><skipped type="pytest.skip" message="Could not create test appointment">/app/backend/tests/test_admin_complete.py:104: Could not create test appointment</skipped></testcase><testcase classname="backend.tests.test_admin_complete.TestAdminCompleteWalk" name="test_admin_complete_in_progress_walk" time="0.304" /><testcase classname="backend.tests.test_admin_complete.TestAdminCompleteWalk" name="test_admin_complete_rejects_non_admin" time="0.512" /><testcase classname="backend.tests.test_admin_complete.TestAdminCompleteWalk" name="test_admin_complete_rejects_completed_appointment" time="0.192" /><testcase classname="backend.tests.test_admin_complete.TestAdminCompleteWalk" name="test_admin_complete_rejects_invalid_appointment" time="0.054" /><testcase classname="backend.tests.test_admin_complete.TestAdminCompleteWalk" name="test_admin_complete_not_shown_for_overnight" time="0.063" /></testsuite></testsuites>