<?xml version="1.0" encoding="utf-8"?><testsuites name="pytest tests"><testsuite name="pytest" errors="0" failures="0" skipped="0" tests="11" time="6.861" timestamp="2026-02-18T15:16:24.909791+00:00" hostname="agent-env-b05df7a2-ce60-43b4-87e4-7885706f041f"><testcase classname="backend.tests.test_admin_walker_dual_role.TestAdminWalkerDualRole" name="test_01_login_shows_is_walker_status" time="0.934" /><testcase classname="backend.tests.test_admin_walker_dual_role.TestAdminWalkerDualRole" name="test_02_toggle_walker_endpoint" time="0.643" /><testcase classname="backend.tests.test_admin_walker_dual_role.TestAdminWalkerDualRole" name="test_03_toggle_walker_only_for_admins" time="0.616" /><testcase classname="backend.tests.test_admin_walker_dual_role.TestAdminWalkerDualRole" name="test_04_walkers_list_includes_admin_walkers" time="0.591" /><testcase classname="backend.tests.test_admin_walker_dual_role.TestAdminWalkerDualRole" name="test_05_admin_can_be_assigned_walks" time="0.507" /><testcase classname="backend.tests.test_admin_walker_dual_role.TestAdminWalkerDualRole" name="test_06_my_walks_endpoint" time="0.512" /><testcase classname="backend.tests.test_admin_walker_dual_role.TestAdminWalkerDualRole" name="test_07_my_walks_enriched_data" time="0.539" /><testcase classname="backend.tests.test_admin_walker_dual_role.TestAdminWalkerDualRole" name="test_08_admin_can_start_walk" time="0.732" /><testcase classname="backend.tests.test_admin_walker_dual_role.TestAdminWalkerDualRole" name="test_09_admin_can_complete_walk" time="0.748" /><testcase classname="backend.tests.test_admin_walker_dual_role.TestAdminWalkerDualRole" name="test_10_dashboard_stats" time="0.491" /><testcase classname="backend.tests.test_admin_walker_dual_role.TestWalkersListWithAdmins" name="test_walkers_list_has_walker_color" time="0.484" /></testsuite></testsuites>