<?xml version="1.0" encoding="utf-8"?><testsuites name="pytest tests"><testsuite name="pytest" errors="0" failures="0" skipped="0" tests="9" time="8.842" timestamp="2026-02-07T16:43:14.149192+00:00" hostname="agent-env-dc359a68-b737-4ae6-a8af-cb8c73b0bc77"><testcase classname="backend.tests.test_password_change.TestAdminPasswordChange" name="test_01_admin_login" time="0.825" /><testcase classname="backend.tests.test_password_change.TestAdminPasswordChange" name="test_02_client_login_original_password" time="0.792" /><testcase classname="backend.tests.test_password_change.TestAdminPasswordChange" name="test_03_admin_change_client_password" time="0.804" /><testcase classname="backend.tests.test_password_change.TestAdminPasswordChange" name="test_04_client_login_new_password" time="1.026" /><testcase classname="backend.tests.test_password_change.TestAdminPasswordChange" name="test_05_old_password_fails" time="1.020" /><testcase classname="backend.tests.test_password_change.TestAdminPasswordChange" name="test_06_reset_password_back" time="1.314" /><testcase classname="backend.tests.test_password_change.TestAdminPasswordChange" name="test_07_walker_password_change" time="1.328" /><testcase classname="backend.tests.test_password_change.TestPasswordChangeEdgeCases" name="test_empty_password_no_change" time="0.802" /><testcase classname="backend.tests.test_password_change.TestPasswordChangeEdgeCases" name="test_non_admin_cannot_change_others_password" time="0.873" /></testsuite></testsuites>