<?xml version="1.0" encoding="utf-8"?><testsuites name="pytest tests"><testsuite name="pytest" errors="0" failures="5" skipped="2" tests="8" time="4.865" timestamp="2026-02-21T03:55:32.504202+00:00" hostname="agent-env-531e260d-1370-4991-9718-65ae46e565ce"><testcase classname="backend.tests.test_admin_complete.TestAdminCompleteWalk" name="test_admin_complete_endpoint_exists" time="0.860"><failure message="assert 401 == 200&#10; +  where 401 = &lt;Response [401]&gt;.status_code">backend/tests/test_admin_complete.py:48: in test_admin_complete_endpoint_exists
    assert appointments_response.status_code == 200
E   assert 401 == 200
E    +  where 401 = &lt;Response [401]&gt;.status_code</failure></testcase><testcase classname="backend.tests.test_admin_complete.TestAdminCompleteWalk" name="test_admin_complete_scheduled_walk" time="0.757"><failure message="assert 401 == 200&#10; +  where 401 = &lt;Response [401]&gt;.status_code">backend/tests/test_admin_complete.py:55: in test_admin_complete_scheduled_walk
    assert clients_response.status_code == 200
E   assert 401 == 200
E    +  where 401 = &lt;Response [401]&gt;.status_code</failure></testcase><testcase classname="backend.tests.test_admin_complete.TestAdminCompleteWalk" name="test_admin_complete_in_progress_walk" time="0.724"><skipped type="pytest.skip" message="No clients available">/app/backend/tests/test_admin_complete.py:110: No clients available</skipped></testcase><testcase classname="backend.tests.test_admin_complete.TestAdminCompleteWalk" name="test_admin_complete_rejects_non_admin" time="0.684"><skipped type="pytest.skip" message="No walker token available">/app/backend/tests/test_admin_complete.py:150: No walker token available</skipped></testcase><testcase classname="backend.tests.test_admin_complete.TestAdminCompleteWalk" name="test_admin_complete_rejects_completed_appointment" time="0.738"><failure message="AttributeError: 'str' object has no attribute 'get'">backend/tests/test_admin_complete.py:174: in test_admin_complete_rejects_completed_appointment
    completed_appt = next((a for a in appointments if a.get('status') == 'completed'), None)
                     ^^^^^^^^^^^^^^^^^^^^^^^^^^^^^^^^^^^^^^^^^^^^^^^^^^^^^^^^^^^^^^^^^^^^^^^
backend/tests/test_admin_complete.py:174: in &lt;genexpr&gt;
    completed_appt = next((a for a in appointments if a.get('status') == 'completed'), None)
                                                      ^^^^^
E   AttributeError: 'str' object has no attribute 'get'</failure></testcase><testcase classname="backend.tests.test_admin_complete.TestAdminCompleteWalk" name="test_admin_complete_rejects_invalid_appointment" time="0.735"><failure message="assert 401 == 404&#10; +  where 401 = &lt;Response [401]&gt;.status_code">backend/tests/test_admin_complete.py:186: in test_admin_complete_rejects_invalid_appointment
    assert response.status_code == 404
E   assert 401 == 404
E    +  where 401 = &lt;Response [401]&gt;.status_code</failure></testcase><testcase classname="backend.tests.test_admin_complete.TestHealthCheck" name="test_api_health" time="0.139"><failure message="assert 404 == 200&#10; +  where 404 = &lt;Response [404]&gt;.status_code">backend/tests/test_admin_complete.py:196: in test_api_health
    assert response.status_code == 200
E   assert 404 == 200
E    +  where 404 = &lt;Response [404]&gt;.status_code</failure></testcase><testcase classname="backend.tests.test_admin_complete.TestHealthCheck" name="test_auth_setup_status" time="0.125" /></testsuite></testsuites>