<?xml version="1.0" encoding="utf-8"?><testsuites name="pytest tests"><testsuite name="pytest" errors="0" failures="0" skipped="0" tests="13" time="3.577" timestamp="2026-01-10T20:11:48.546888+00:00" hostname="agent-env-80a76234-7055-4d9f-afd1-0a40724ba005"><testcase classname="tests.test_calendar_appointments.TestAdminAppointmentCreation" name="test_admin_login" time="0.281" /><testcase classname="tests.test_calendar_appointments.TestAdminAppointmentCreation" name="test_get_services" time="0.274" /><testcase classname="tests.test_calendar_appointments.TestAdminAppointmentCreation" name="test_get_walkers" time="0.318" /><testcase classname="tests.test_calendar_appointments.TestAdminAppointmentCreation" name="test_get_clients" time="0.269" /><testcase classname="tests.test_calendar_appointments.TestAdminAppointmentCreation" name="test_create_walk_appointment_with_walker" time="0.393" /><testcase classname="tests.test_calendar_appointments.TestAdminAppointmentCreation" name="test_create_walk_appointment_without_walker" time="0.335" /><testcase classname="tests.test_calendar_appointments.TestAdminAppointmentCreation" name="test_create_day_care_appointment" time="0.330" /><testcase classname="tests.test_calendar_appointments.TestAdminAppointmentCreation" name="test_create_transport_appointment" time="0.332" /><testcase classname="tests.test_calendar_appointments.TestAdminAppointmentCreation" name="test_create_concierge_appointment" time="0.346" /><testcase classname="tests.test_calendar_appointments.TestAdminAppointmentCreation" name="test_create_overnight_appointment" time="0.326" /><testcase classname="tests.test_calendar_appointments.TestAdminAppointmentCreation" name="test_calendar_endpoint" time="0.309" /><testcase classname="tests.test_calendar_appointments.TestWalkerDropdownLogic" name="test_walk_services_should_show_walker_dropdown" time="0.000" /><testcase classname="tests.test_calendar_appointments.TestWalkerDropdownLogic" name="test_non_walk_services_should_hide_walker_dropdown" time="0.000" /></testsuite></testsuites>