<?xml version="1.0" encoding="utf-8"?><testsuites name="pytest tests"><testsuite name="pytest" errors="0" failures="5" skipped="2" tests="9" time="1.419" timestamp="2026-02-21T03:56:07.038770+00:00" hostname="agent-env-531e260d-1370-4991-9718-65ae46e565ce"><testcase classname="backend.tests.test_admin_complete.TestHealthAndAuth" name="test_auth_setup_status" time="0.171" /><testcase classname="backend.tests.test_admin_complete.TestHealthAndAuth" name="test_admin_login" time="0.419"><failure message="assert 401 == 200&#10; +  where 401 = &lt;Response [401]&gt;.status_code">backend/tests/test_admin_complete.py:60: in test_admin_login
    assert response.status_code == 200
E   assert 401 == 200
E    +  where 401 = &lt;Response [401]&gt;.status_code</failure></testcase><testcase classname="backend.tests.test_admin_complete.TestAdminCompleteWalk" name="test_admin_complete_endpoint_exists" time="0.052"><failure message="assert 401 == 200&#10; +  where 401 = &lt;Response [401]&gt;.status_code">backend/tests/test_admin_complete.py:72: in test_admin_complete_endpoint_exists
    assert appointments_response.status_code == 200
E   assert 401 == 200
E    +  where 401 = &lt;Response [401]&gt;.status_code</failure></testcase><testcase classname="backend.tests.test_admin_complete.TestAdminCompleteWalk" name="test_admin_complete_scheduled_walk" time="0.048"><failure message="assert 401 == 200&#10; +  where 401 = &lt;Response [401]&gt;.status_code">backend/tests/test_admin_complete.py:80: in test_admin_complete_scheduled_walk
    assert clients_response.status_code == 200
E   assert 401 == 200
E    +  where 401 = &lt;Response [401]&gt;.status_code</failure></testcase><testcase classname="backend.tests.test_admin_complete.TestAdminCompleteWalk" name="test_admin_complete_in_progress_walk" time="0.059"><skipped type="pytest.skip" message="No clients available">/app/backend/tests/test_admin_complete.py:135: No clients available</skipped></testcase><testcase classname="backend.tests.test_admin_complete.TestAdminCompleteWalk" name="test_admin_complete_rejects_non_admin" time="0.412"><failure message="AttributeError: 'str' object has no attribute 'get'">backend/tests/test_admin_complete.py:179: in test_admin_complete_rejects_non_admin
    scheduled_appt = next((a for a in appointments if a.get('status') == 'scheduled'), None)
                     ^^^^^^^^^^^^^^^^^^^^^^^^^^^^^^^^^^^^^^^^^^^^^^^^^^^^^^^^^^^^^^^^^^^^^^^
backend/tests/test_admin_complete.py:179: in &lt;genexpr&gt;
    scheduled_appt = next((a for a in appointments if a.get('status') == 'scheduled'), None)
                                                      ^^^^^
E   AttributeError: 'str' object has no attribute 'get'</failure></testcase><testcase classname="backend.tests.test_admin_complete.TestAdminCompleteWalk" name="test_admin_complete_rejects_completed_appointment" time="0.051"><skipped type="pytest.skip" message="No completed appointment to test">/app/backend/tests/test_admin_complete.py:196: No completed appointment to test</skipped></testcase><testcase classname="backend.tests.test_admin_complete.TestAdminCompleteWalk" name="test_admin_complete_rejects_invalid_appointment" time="0.060"><failure message="assert 401 == 404&#10; +  where 401 = &lt;Response [401]&gt;.status_code">backend/tests/test_admin_complete.py:205: in test_admin_complete_rejects_invalid_appointment
    assert response.status_code == 404
E   assert 401 == 404
E    +  where 401 = &lt;Response [401]&gt;.status_code</failure></testcase><testcase classname="backend.tests.test_admin_complete.TestAdminCompleteWalk" name="test_admin_complete_not_shown_for_overnight" time="0.049" /></testsuite></testsuites>