<?xml version="1.0" encoding="utf-8"?><testsuites name="pytest tests"><testsuite name="pytest" errors="0" failures="0" skipped="0" tests="8" time="4.198" timestamp="2026-02-18T04:55:39.312816+00:00" hostname="agent-env-b05df7a2-ce60-43b4-87e4-7885706f041f"><testcase classname="tests.test_daycare_calendar.TestDaycareCalendarAPI" name="test_calendar_endpoint_returns_200" time="0.579" /><testcase classname="tests.test_daycare_calendar.TestDaycareCalendarAPI" name="test_calendar_returns_appointments_list" time="0.523" /><testcase classname="tests.test_daycare_calendar.TestDaycareCalendarAPI" name="test_calendar_includes_daycare_appointments" time="0.529" /><testcase classname="tests.test_daycare_calendar.TestDaycareCalendarAPI" name="test_calendar_includes_pet_names" time="0.496" /><testcase classname="tests.test_daycare_calendar.TestDaycareCalendarAPI" name="test_today_daycare_appointment_exists" time="0.490" /><testcase classname="tests.test_daycare_calendar.TestDaycareCalendarAPI" name="test_appointment_checkin_updates_status" time="0.492" /><testcase classname="tests.test_daycare_calendar.TestDaycareCalendarAPI" name="test_calendar_includes_client_name" time="0.517" /><testcase classname="tests.test_daycare_calendar.TestDaycareCalendarAPI" name="test_calendar_includes_walker_name" time="0.513" /></testsuite></testsuites>