<?xml version="1.0" encoding="utf-8"?><testsuites name="pytest tests"><testsuite name="pytest" errors="0" failures="0" skipped="0" tests="7" time="6.582" timestamp="2026-02-21T04:10:54.669005+00:00" hostname="agent-env-531e260d-1370-4991-9718-65ae46e565ce"><testcase classname="backend.tests.test_overnight_appointments.TestOvernightAppointmentCreation" name="test_overnight_appointment_has_end_date" time="0.870" /><testcase classname="backend.tests.test_overnight_appointments.TestOvernightAppointmentCreation" name="test_overnight_creates_single_appointment_not_multiple" time="1.279" /><testcase classname="backend.tests.test_overnight_appointments.TestOvernightAppointmentCreation" name="test_stay_overnight_service_type" time="0.896" /><testcase classname="backend.tests.test_overnight_appointments.TestOvernightValidation" name="test_overnight_without_end_date_uses_start_date" time="0.860" /><testcase classname="backend.tests.test_overnight_appointments.TestOvernightCalendarDisplay" name="test_overnight_appears_in_calendar" time="0.581" /><testcase classname="backend.tests.test_overnight_appointments.TestOvernightCheckInCheckOut" name="test_check_in_sets_in_progress" time="1.083" /><testcase classname="backend.tests.test_overnight_appointments.TestOvernightCheckInCheckOut" name="test_check_out_sets_completed" time="0.950" /></testsuite></testsuites>