<?xml version="1.0" encoding="utf-8"?><testsuites name="pytest tests"><testsuite name="pytest" errors="0" failures="0" skipped="0" tests="8" time="3.272" timestamp="2026-02-18T15:04:00.466113+00:00" hostname="agent-env-b05df7a2-ce60-43b4-87e4-7885706f041f"><testcase classname="backend.tests.test_service_pricing.TestServicePricing" name="test_get_services" time="0.698" /><testcase classname="backend.tests.test_service_pricing.TestServicePricing" name="test_update_service_pricing_name_price_description" time="0.363" /><testcase classname="backend.tests.test_service_pricing.TestServicePricing" name="test_update_service_duration_type" time="0.415" /><testcase classname="backend.tests.test_service_pricing.TestServicePricing" name="test_create_service_minutes_duration_type" time="0.277" /><testcase classname="backend.tests.test_service_pricing.TestServicePricing" name="test_create_service_days_duration_type" time="0.361" /><testcase classname="backend.tests.test_service_pricing.TestServicePricing" name="test_create_service_nights_duration_type" time="0.297" /><testcase classname="backend.tests.test_service_pricing.TestServicePricing" name="test_delete_service" time="0.578" /><testcase classname="backend.tests.test_service_pricing.TestServicePricing" name="test_update_nonexistent_service_returns_404" time="0.221" /></testsuite></testsuites>