<?xml version="1.0" encoding="utf-8"?><testsuites name="pytest tests"><testsuite name="pytest" errors="0" failures="0" skipped="0" tests="9" time="5.011" timestamp="2026-02-21T15:24:00.413830+00:00" hostname="agent-env-d6ff7cd8-c165-480e-9ac2-d7b4dfd9780c"><testcase classname="backend.tests.test_calendar_filter_and_remove_stay.TestCalendarFiltersAndDeleteEndpoint" name="test_admin_login" time="0.706" /><testcase classname="backend.tests.test_calendar_filter_and_remove_stay.TestCalendarFiltersAndDeleteEndpoint" name="test_calendar_endpoint_returns_appointments" time="0.579" /><testcase classname="backend.tests.test_calendar_filter_and_remove_stay.TestCalendarFiltersAndDeleteEndpoint" name="test_calendar_has_walk_appointments" time="0.580" /><testcase classname="backend.tests.test_calendar_filter_and_remove_stay.TestCalendarFiltersAndDeleteEndpoint" name="test_calendar_filter_logic_walks_matching" time="0.361" /><testcase classname="backend.tests.test_calendar_filter_and_remove_stay.TestCalendarFiltersAndDeleteEndpoint" name="test_delete_appointment_endpoint_exists" time="0.508" /><testcase classname="backend.tests.test_calendar_filter_and_remove_stay.TestCalendarFiltersAndDeleteEndpoint" name="test_delete_appointment_admin_only" time="1.083" /><testcase classname="backend.tests.test_calendar_filter_and_remove_stay.TestCalendarFiltersAndDeleteEndpoint" name="test_delete_overnight_appointment" time="1.128" /><testcase classname="backend.tests.test_calendar_filter_and_remove_stay.TestServiceCategories" name="test_walks_category_pattern_matching" time="0.001" /><testcase classname="backend.tests.test_calendar_filter_and_remove_stay.TestServiceCategories" name="test_all_services_returns_everything" time="0.001" /></testsuite></testsuites>