<?xml version="1.0" encoding="utf-8"?><testsuites name="pytest tests"><testsuite name="pytest" errors="0" failures="1" skipped="0" tests="13" time="3.727" timestamp="2026-01-10T20:11:20.541910+00:00" hostname="agent-env-80a76234-7055-4d9f-afd1-0a40724ba005"><testcase classname="tests.test_calendar_appointments.TestAdminAppointmentCreation" name="test_admin_login" time="0.292" /><testcase classname="tests.test_calendar_appointments.TestAdminAppointmentCreation" name="test_get_services" time="0.281" /><testcase classname="tests.test_calendar_appointments.TestAdminAppointmentCreation" name="test_get_walkers" time="0.313" /><testcase classname="tests.test_calendar_appointments.TestAdminAppointmentCreation" name="test_get_clients" time="0.273" /><testcase classname="tests.test_calendar_appointments.TestAdminAppointmentCreation" name="test_create_walk_appointment_with_walker" time="0.412"><failure message="AssertionError: Failed to create walk appointment: {&quot;detail&quot;:&quot;Walker has a walk at 10:00 that ends at 10:30. Next walk can start at 10:45 (15-min buffer after walk ends).&quot;}&#10;assert 400 == 200&#10; +  where 400 = &lt;Response [400]&gt;.status_code">tests/test_calendar_appointments.py:156: in test_create_walk_appointment_with_walker
    assert response.status_code == 200, f"Failed to create walk appointment: {response.text}"
E   AssertionError: Failed to create walk appointment: {"detail":"Walker has a walk at 10:00 that ends at 10:30. Next walk can start at 10:45 (15-min buffer after walk ends)."}
E   assert 400 == 200
E    +  where 400 = &lt;Response [400]&gt;.status_code</failure></testcase><testcase classname="tests.test_calendar_appointments.TestAdminAppointmentCreation" name="test_create_walk_appointment_without_walker" time="0.352" /><testcase classname="tests.test_calendar_appointments.TestAdminAppointmentCreation" name="test_create_day_care_appointment" time="0.372" /><testcase classname="tests.test_calendar_appointments.TestAdminAppointmentCreation" name="test_create_transport_appointment" time="0.336" /><testcase classname="tests.test_calendar_appointments.TestAdminAppointmentCreation" name="test_create_concierge_appointment" time="0.368" /><testcase classname="tests.test_calendar_appointments.TestAdminAppointmentCreation" name="test_create_overnight_appointment" time="0.330" /><testcase classname="tests.test_calendar_appointments.TestAdminAppointmentCreation" name="test_calendar_endpoint" time="0.324" /><testcase classname="tests.test_calendar_appointments.TestWalkerDropdownLogic" name="test_walk_services_should_show_walker_dropdown" time="0.000" /><testcase classname="tests.test_calendar_appointments.TestWalkerDropdownLogic" name="test_non_walk_services_should_hide_walker_dropdown" time="0.000" /></testsuite></testsuites>